2024-01-19 14:15:08,123 [Worker-5: Loading available Gradle versions] INFO  o.e.b.c.i.u.g.PublishedGradleVersions - Gradle version information cache is out-of-date. Trying to update.
2024-01-19 14:38:07,674 [Worker-22: Launching mavenrun-521259c0-5b74-44f3-85c4-7123128e5980] INFO  o.eclipse.m2e.core.internal.Bundles - getClasspathEntries(Bundle=org.eclipse.m2e.maven.runtime_3.8.701.20230209-1606 [271])
2024-01-19 14:38:07,681 [Worker-22: Launching mavenrun-521259c0-5b74-44f3-85c4-7123128e5980] INFO  o.eclipse.m2e.core.internal.Bundles - 	Entry: C:\Users\jgeorge\.p2\pool\plugins\org.eclipse.m2e.maven.runtime_3.8.701.20230209-1606
2024-01-19 14:38:07,682 [Worker-22: Launching mavenrun-521259c0-5b74-44f3-85c4-7123128e5980] INFO  o.eclipse.m2e.core.internal.Bundles - 	Entry: C:\Users\jgeorge\.p2\pool\plugins\org.eclipse.m2e.maven.runtime_3.8.701.20230209-1606\jars\aether-connector-okhttp-0.17.8.jar
2024-01-19 14:38:07,683 [Worker-22: Launching mavenrun-521259c0-5b74-44f3-85c4-7123128e5980] INFO  o.eclipse.m2e.core.internal.Bundles - 	Entry: C:\Users\jgeorge\.p2\pool\plugins\org.eclipse.m2e.maven.runtime_3.8.701.20230209-1606\jars\commons-lang3-3.8.1.jar
2024-01-19 14:38:07,683 [Worker-22: Launching mavenrun-521259c0-5b74-44f3-85c4-7123128e5980] INFO  o.eclipse.m2e.core.internal.Bundles - 	Entry: C:\Users\jgeorge\.p2\pool\plugins\org.eclipse.m2e.maven.runtime_3.8.701.20230209-1606\jars\guice-4.2.2-no_aop.jar
2024-01-19 14:38:07,683 [Worker-22: Launching mavenrun-521259c0-5b74-44f3-85c4-7123128e5980] INFO  o.eclipse.m2e.core.internal.Bundles - 	Entry: C:\Users\jgeorge\.p2\pool\plugins\org.eclipse.m2e.maven.runtime_3.8.701.20230209-1606\jars\jansi-2.4.0.jar
2024-01-19 14:38:07,684 [Worker-22: Launching mavenrun-521259c0-5b74-44f3-85c4-7123128e5980] INFO  o.eclipse.m2e.core.internal.Bundles - 	Entry: C:\Users\jgeorge\.p2\pool\plugins\org.eclipse.m2e.maven.runtime_3.8.701.20230209-1606\jars\maven-artifact-3.8.7.jar
2024-01-19 14:38:07,684 [Worker-22: Launching mavenrun-521259c0-5b74-44f3-85c4-7123128e5980] INFO  o.eclipse.m2e.core.internal.Bundles - 	Entry: C:\Users\jgeorge\.p2\pool\plugins\org.eclipse.m2e.maven.runtime_3.8.701.20230209-1606\jars\maven-builder-support-3.8.7.jar
2024-01-19 14:38:07,684 [Worker-22: Launching mavenrun-521259c0-5b74-44f3-85c4-7123128e5980] INFO  o.eclipse.m2e.core.internal.Bundles - 	Entry: C:\Users\jgeorge\.p2\pool\plugins\org.eclipse.m2e.maven.runtime_3.8.701.20230209-1606\jars\maven-compat-3.8.7.jar
2024-01-19 14:38:07,685 [Worker-22: Launching mavenrun-521259c0-5b74-44f3-85c4-7123128e5980] INFO  o.eclipse.m2e.core.internal.Bundles - 	Entry: C:\Users\jgeorge\.p2\pool\plugins\org.eclipse.m2e.maven.runtime_3.8.701.20230209-1606\jars\maven-core-3.8.7.jar
2024-01-19 14:38:07,685 [Worker-22: Launching mavenrun-521259c0-5b74-44f3-85c4-7123128e5980] INFO  o.eclipse.m2e.core.internal.Bundles - 	Entry: C:\Users\jgeorge\.p2\pool\plugins\org.eclipse.m2e.maven.runtime_3.8.701.20230209-1606\jars\maven-embedder-3.8.7.jar
2024-01-19 14:38:07,685 [Worker-22: Launching mavenrun-521259c0-5b74-44f3-85c4-7123128e5980] INFO  o.eclipse.m2e.core.internal.Bundles - 	Entry: C:\Users\jgeorge\.p2\pool\plugins\org.eclipse.m2e.maven.runtime_3.8.701.20230209-1606\jars\maven-model-3.8.7.jar
2024-01-19 14:38:07,685 [Worker-22: Launching mavenrun-521259c0-5b74-44f3-85c4-7123128e5980] INFO  o.eclipse.m2e.core.internal.Bundles - 	Entry: C:\Users\jgeorge\.p2\pool\plugins\org.eclipse.m2e.maven.runtime_3.8.701.20230209-1606\jars\maven-model-builder-3.8.7.jar
2024-01-19 14:38:07,686 [Worker-22: Launching mavenrun-521259c0-5b74-44f3-85c4-7123128e5980] INFO  o.eclipse.m2e.core.internal.Bundles - 	Entry: C:\Users\jgeorge\.p2\pool\plugins\org.eclipse.m2e.maven.runtime_3.8.701.20230209-1606\jars\maven-plugin-api-3.8.7.jar
2024-01-19 14:38:07,686 [Worker-22: Launching mavenrun-521259c0-5b74-44f3-85c4-7123128e5980] INFO  o.eclipse.m2e.core.internal.Bundles - 	Entry: C:\Users\jgeorge\.p2\pool\plugins\org.eclipse.m2e.maven.runtime_3.8.701.20230209-1606\jars\maven-repository-metadata-3.8.7.jar
2024-01-19 14:38:07,686 [Worker-22: Launching mavenrun-521259c0-5b74-44f3-85c4-7123128e5980] INFO  o.eclipse.m2e.core.internal.Bundles - 	Entry: C:\Users\jgeorge\.p2\pool\plugins\org.eclipse.m2e.maven.runtime_3.8.701.20230209-1606\jars\maven-resolver-api-1.6.3.jar
2024-01-19 14:38:07,687 [Worker-22: Launching mavenrun-521259c0-5b74-44f3-85c4-7123128e5980] INFO  o.eclipse.m2e.core.internal.Bundles - 	Entry: C:\Users\jgeorge\.p2\pool\plugins\org.eclipse.m2e.maven.runtime_3.8.701.20230209-1606\jars\maven-resolver-connector-basic-1.6.3.jar
2024-01-19 14:38:07,687 [Worker-22: Launching mavenrun-521259c0-5b74-44f3-85c4-7123128e5980] INFO  o.eclipse.m2e.core.internal.Bundles - 	Entry: C:\Users\jgeorge\.p2\pool\plugins\org.eclipse.m2e.maven.runtime_3.8.701.20230209-1606\jars\maven-resolver-impl-1.6.3.jar
2024-01-19 14:38:07,687 [Worker-22: Launching mavenrun-521259c0-5b74-44f3-85c4-7123128e5980] INFO  o.eclipse.m2e.core.internal.Bundles - 	Entry: C:\Users\jgeorge\.p2\pool\plugins\org.eclipse.m2e.maven.runtime_3.8.701.20230209-1606\jars\maven-resolver-provider-3.8.7.jar
2024-01-19 14:38:07,687 [Worker-22: Launching mavenrun-521259c0-5b74-44f3-85c4-7123128e5980] INFO  o.eclipse.m2e.core.internal.Bundles - 	Entry: C:\Users\jgeorge\.p2\pool\plugins\org.eclipse.m2e.maven.runtime_3.8.701.20230209-1606\jars\maven-resolver-spi-1.6.3.jar
2024-01-19 14:38:07,688 [Worker-22: Launching mavenrun-521259c0-5b74-44f3-85c4-7123128e5980] INFO  o.eclipse.m2e.core.internal.Bundles - 	Entry: C:\Users\jgeorge\.p2\pool\plugins\org.eclipse.m2e.maven.runtime_3.8.701.20230209-1606\jars\maven-resolver-transport-wagon-1.6.3.jar
2024-01-19 14:38:07,688 [Worker-22: Launching mavenrun-521259c0-5b74-44f3-85c4-7123128e5980] INFO  o.eclipse.m2e.core.internal.Bundles - 	Entry: C:\Users\jgeorge\.p2\pool\plugins\org.eclipse.m2e.maven.runtime_3.8.701.20230209-1606\jars\maven-resolver-util-1.6.3.jar
2024-01-19 14:38:07,688 [Worker-22: Launching mavenrun-521259c0-5b74-44f3-85c4-7123128e5980] INFO  o.eclipse.m2e.core.internal.Bundles - 	Entry: C:\Users\jgeorge\.p2\pool\plugins\org.eclipse.m2e.maven.runtime_3.8.701.20230209-1606\jars\maven-settings-3.8.7.jar
2024-01-19 14:38:07,688 [Worker-22: Launching mavenrun-521259c0-5b74-44f3-85c4-7123128e5980] INFO  o.eclipse.m2e.core.internal.Bundles - 	Entry: C:\Users\jgeorge\.p2\pool\plugins\org.eclipse.m2e.maven.runtime_3.8.701.20230209-1606\jars\maven-settings-builder-3.8.7.jar
2024-01-19 14:38:07,688 [Worker-22: Launching mavenrun-521259c0-5b74-44f3-85c4-7123128e5980] INFO  o.eclipse.m2e.core.internal.Bundles - 	Entry: C:\Users\jgeorge\.p2\pool\plugins\org.eclipse.m2e.maven.runtime_3.8.701.20230209-1606\jars\maven-shared-utils-3.3.4.jar
2024-01-19 14:38:07,688 [Worker-22: Launching mavenrun-521259c0-5b74-44f3-85c4-7123128e5980] INFO  o.eclipse.m2e.core.internal.Bundles - 	Entry: C:\Users\jgeorge\.p2\pool\plugins\org.eclipse.m2e.maven.runtime_3.8.701.20230209-1606\jars\okhttp-3.14.1.jar
2024-01-19 14:38:07,690 [Worker-22: Launching mavenrun-521259c0-5b74-44f3-85c4-7123128e5980] INFO  o.eclipse.m2e.core.internal.Bundles - 	Entry: C:\Users\jgeorge\.p2\pool\plugins\org.eclipse.m2e.maven.runtime_3.8.701.20230209-1606\jars\okio-1.17.3.jar
2024-01-19 14:38:07,690 [Worker-22: Launching mavenrun-521259c0-5b74-44f3-85c4-7123128e5980] INFO  o.eclipse.m2e.core.internal.Bundles - 	Entry: C:\Users\jgeorge\.p2\pool\plugins\org.eclipse.m2e.maven.runtime_3.8.701.20230209-1606\jars\org.eclipse.sisu.inject-0.3.5.jar
2024-01-19 14:38:07,690 [Worker-22: Launching mavenrun-521259c0-5b74-44f3-85c4-7123128e5980] INFO  o.eclipse.m2e.core.internal.Bundles - 	Entry: C:\Users\jgeorge\.p2\pool\plugins\org.eclipse.m2e.maven.runtime_3.8.701.20230209-1606\jars\org.eclipse.sisu.plexus-0.3.5.jar
2024-01-19 14:38:07,690 [Worker-22: Launching mavenrun-521259c0-5b74-44f3-85c4-7123128e5980] INFO  o.eclipse.m2e.core.internal.Bundles - 	Entry: C:\Users\jgeorge\.p2\pool\plugins\org.eclipse.m2e.maven.runtime_3.8.701.20230209-1606\jars\plexus-build-api-0.0.7.jar
2024-01-19 14:38:07,691 [Worker-22: Launching mavenrun-521259c0-5b74-44f3-85c4-7123128e5980] INFO  o.eclipse.m2e.core.internal.Bundles - 	Entry: C:\Users\jgeorge\.p2\pool\plugins\org.eclipse.m2e.maven.runtime_3.8.701.20230209-1606\jars\plexus-cipher-2.0.jar
2024-01-19 14:38:07,691 [Worker-22: Launching mavenrun-521259c0-5b74-44f3-85c4-7123128e5980] INFO  o.eclipse.m2e.core.internal.Bundles - 	Entry: C:\Users\jgeorge\.p2\pool\plugins\org.eclipse.m2e.maven.runtime_3.8.701.20230209-1606\jars\plexus-classworlds-2.6.0.jar
2024-01-19 14:38:07,691 [Worker-22: Launching mavenrun-521259c0-5b74-44f3-85c4-7123128e5980] INFO  o.eclipse.m2e.core.internal.Bundles - 	Entry: C:\Users\jgeorge\.p2\pool\plugins\org.eclipse.m2e.maven.runtime_3.8.701.20230209-1606\jars\plexus-component-annotations-2.1.0.jar
2024-01-19 14:38:07,692 [Worker-22: Launching mavenrun-521259c0-5b74-44f3-85c4-7123128e5980] INFO  o.eclipse.m2e.core.internal.Bundles - 	Entry: C:\Users\jgeorge\.p2\pool\plugins\org.eclipse.m2e.maven.runtime_3.8.701.20230209-1606\jars\plexus-interpolation-1.26.jar
2024-01-19 14:38:07,692 [Worker-22: Launching mavenrun-521259c0-5b74-44f3-85c4-7123128e5980] INFO  o.eclipse.m2e.core.internal.Bundles - 	Entry: C:\Users\jgeorge\.p2\pool\plugins\org.eclipse.m2e.maven.runtime_3.8.701.20230209-1606\jars\plexus-sec-dispatcher-2.0.jar
2024-01-19 14:38:07,692 [Worker-22: Launching mavenrun-521259c0-5b74-44f3-85c4-7123128e5980] INFO  o.eclipse.m2e.core.internal.Bundles - 	Entry: C:\Users\jgeorge\.p2\pool\plugins\org.eclipse.m2e.maven.runtime_3.8.701.20230209-1606\jars\plexus-utils-3.3.1.jar
2024-01-19 14:38:07,692 [Worker-22: Launching mavenrun-521259c0-5b74-44f3-85c4-7123128e5980] INFO  o.eclipse.m2e.core.internal.Bundles - 	Entry: C:\Users\jgeorge\.p2\pool\plugins\org.eclipse.m2e.maven.runtime_3.8.701.20230209-1606\jars\wagon-file-3.5.3.jar
2024-01-19 14:38:07,692 [Worker-22: Launching mavenrun-521259c0-5b74-44f3-85c4-7123128e5980] INFO  o.eclipse.m2e.core.internal.Bundles - 	Entry: C:\Users\jgeorge\.p2\pool\plugins\org.eclipse.m2e.maven.runtime_3.8.701.20230209-1606\jars\wagon-provider-api-3.5.3.jar
2024-01-19 14:38:07,694 [Worker-22: Launching mavenrun-521259c0-5b74-44f3-85c4-7123128e5980] INFO  o.eclipse.m2e.core.internal.Bundles - getClasspathEntries(Bundle=com.google.guava_31.1.0.jre [9])
2024-01-19 14:38:07,697 [Worker-22: Launching mavenrun-521259c0-5b74-44f3-85c4-7123128e5980] INFO  o.eclipse.m2e.core.internal.Bundles - 	Entry: C:\Users\jgeorge\.p2\pool\plugins\com.google.guava_31.1.0.jre.jar
2024-01-19 14:38:07,697 [Worker-22: Launching mavenrun-521259c0-5b74-44f3-85c4-7123128e5980] INFO  o.eclipse.m2e.core.internal.Bundles - getClasspathEntries(Bundle=slf4j.api_1.7.36 [439])
2024-01-19 14:38:07,699 [Worker-22: Launching mavenrun-521259c0-5b74-44f3-85c4-7123128e5980] INFO  o.eclipse.m2e.core.internal.Bundles - 	Entry: C:\Users\jgeorge\.p2\pool\plugins\slf4j.api_1.7.36.jar
2024-01-19 14:38:07,699 [Worker-22: Launching mavenrun-521259c0-5b74-44f3-85c4-7123128e5980] INFO  o.eclipse.m2e.core.internal.Bundles - getClasspathEntries(Bundle=javax.inject_1.0.0.v20220405-0441 [21])
2024-01-19 14:38:07,701 [Worker-22: Launching mavenrun-521259c0-5b74-44f3-85c4-7123128e5980] INFO  o.eclipse.m2e.core.internal.Bundles - 	Entry: C:\Users\jgeorge\.p2\pool\plugins\javax.inject_1.0.0.v20220405-0441.jar
2024-01-19 14:38:07,701 [Worker-22: Launching mavenrun-521259c0-5b74-44f3-85c4-7123128e5980] INFO  o.eclipse.m2e.core.internal.Bundles - getClasspathEntries(Bundle=javax.annotation_1.3.5.v20221203-1659 [19])
2024-01-19 14:38:07,703 [Worker-22: Launching mavenrun-521259c0-5b74-44f3-85c4-7123128e5980] INFO  o.eclipse.m2e.core.internal.Bundles - 	Entry: C:\Users\jgeorge\.p2\pool\plugins\javax.annotation_1.3.5.v20221203-1659.jar
2024-01-19 14:38:07,703 [Worker-22: Launching mavenrun-521259c0-5b74-44f3-85c4-7123128e5980] INFO  o.eclipse.m2e.core.internal.Bundles - getClasspathEntries(Bundle=org.apache.commons.cli_1.4.0.v20221112-0806 [41])
2024-01-19 14:38:07,705 [Worker-22: Launching mavenrun-521259c0-5b74-44f3-85c4-7123128e5980] INFO  o.eclipse.m2e.core.internal.Bundles - 	Entry: C:\Users\jgeorge\.p2\pool\plugins\org.apache.commons.cli_1.4.0.v20221112-0806.jar
2024-01-19 14:38:07,705 [Worker-22: Launching mavenrun-521259c0-5b74-44f3-85c4-7123128e5980] INFO  o.eclipse.m2e.core.internal.Bundles - getClasspathEntries(Bundle=com.google.guava.failureaccess_1.0.1 [11])
2024-01-19 14:38:07,706 [Worker-22: Launching mavenrun-521259c0-5b74-44f3-85c4-7123128e5980] INFO  o.eclipse.m2e.core.internal.Bundles - 	Entry: C:\Users\jgeorge\.p2\pool\plugins\com.google.guava.failureaccess_1.0.1.jar
2024-01-19 14:38:07,718 [Worker-22: Launching mavenrun-521259c0-5b74-44f3-85c4-7123128e5980] INFO  o.e.m.i.launch.MavenLaunchDelegate - Run build in "C:\Users\jgeorge\AppData\Local\Temp\1\m2e-archetypeGenerator15066771011998868854":
2024-01-19 14:38:07,722 [Worker-22: Launching mavenrun-521259c0-5b74-44f3-85c4-7123128e5980] INFO  o.e.m.i.launch.MavenLaunchDelegate -  mvn  -DarchetypeGroupId=com.github.ywchang -DarchetypeArtifactId=maven-archetype-quickstart -DarchetypeVersion=1.1 -DgroupId=SeleniumUdemy -DartifactId=SeleniumUdemy -Dversion=0.0.1-SNAPSHOT -Dpackage=SeleniumUdemy.SeleniumUdemy -DoutputDirectory=C:\Users\jgeorge\Desktop\SeleniumStudy -Dstyle.color=always -U archetype:generate
2024-01-19 14:38:21,110 [Worker-3: Creating maven-archetype-quickstart] INFO  o.e.m.c.i.p.ProjectConfigurationManager - Collecting project info '/pom.xml' C:\Users\jgeorge\Desktop\SeleniumStudy\SeleniumUdemy\pom.xml
2024-01-19 14:38:22,032 [Worker-3: Creating maven-archetype-quickstart] INFO  o.e.m.c.i.l.LifecycleMappingFactory - Using org.eclipse.m2e.jdt.JarLifecycleMapping lifecycle mapping for MavenProject: SeleniumUdemy:SeleniumUdemy:0.0.1-SNAPSHOT @ C:\Users\jgeorge\Desktop\SeleniumStudy\SeleniumUdemy\pom.xml.
2024-01-19 14:38:22,528 [Worker-3: Creating maven-archetype-quickstart] INFO  o.e.m.j.i.AbstractJavaProjectConfigurator - Adding source folder /SeleniumUdemy/src/main/java
2024-01-19 14:38:22,534 [Worker-3: Creating maven-archetype-quickstart] INFO  o.e.m.j.i.AbstractJavaProjectConfigurator - Adding source folder /SeleniumUdemy/src/test/java
2024-01-19 14:38:22,671 [Worker-3: Creating maven-archetype-quickstart] INFO  o.e.m.c.i.p.ProjectConfigurationManager - Imported and configured 1 project(s) in 1 sec
2024-01-19 14:38:23,656 [Worker-24: Building] INFO  o.e.m.c.i.embedder.EclipseLogger - Using 'UTF-8' encoding to copy filtered resources.
2024-01-19 14:38:23,658 [Worker-24: Building] INFO  o.e.m.c.i.embedder.EclipseLogger - skip non existing resourceDirectory C:\Users\jgeorge\Desktop\SeleniumStudy\SeleniumUdemy\src\main\resources
2024-01-19 14:38:23,662 [Worker-24: Building] INFO  o.e.m.c.i.embedder.EclipseLogger - Using 'UTF-8' encoding to copy filtered resources.
2024-01-19 14:38:23,662 [Worker-24: Building] INFO  o.e.m.c.i.embedder.EclipseLogger - skip non existing resourceDirectory C:\Users\jgeorge\Desktop\SeleniumStudy\SeleniumUdemy\src\test\resources
2024-01-19 14:40:22,373 [Worker-23: Building] INFO  o.e.m.c.i.embedder.EclipseLogger - Using 'UTF-8' encoding to copy filtered resources.
2024-01-19 14:40:22,374 [Worker-23: Building] INFO  o.e.m.c.i.embedder.EclipseLogger - skip non existing resourceDirectory C:\Users\jgeorge\Desktop\SeleniumStudy\SeleniumUdemy\src\main\resources
2024-01-19 14:40:22,388 [Worker-23: Building] INFO  o.e.m.c.i.embedder.EclipseLogger - Using 'UTF-8' encoding to copy filtered resources.
2024-01-19 14:40:22,389 [Worker-23: Building] INFO  o.e.m.c.i.embedder.EclipseLogger - skip non existing resourceDirectory C:\Users\jgeorge\Desktop\SeleniumStudy\SeleniumUdemy\src\test\resources
2024-02-08 10:11:38,887 [Worker-4: Loading available Gradle versions] INFO  o.e.b.c.i.u.g.PublishedGradleVersions - Gradle version information cache is out-of-date. Trying to update.
2024-02-08 10:51:59,901 [Worker-24: Building] INFO  o.e.m.c.i.l.LifecycleMappingFactory - Using org.eclipse.m2e.jdt.JarLifecycleMapping lifecycle mapping for MavenProject: SeleniumUdemy:SeleniumUdemy:0.0.1-SNAPSHOT @ C:\Users\jgeorge\Desktop\SeleniumStudy\AutomationPractice\pom.xml.
2024-02-08 10:52:00,838 [Worker-24: Building] INFO  o.e.m.c.i.embedder.EclipseLogger - Using 'UTF-8' encoding to copy filtered resources.
2024-02-08 10:52:00,839 [Worker-24: Building] INFO  o.e.m.c.i.embedder.EclipseLogger - skip non existing resourceDirectory C:\Users\jgeorge\Desktop\SeleniumStudy\AutomationPractice\src\main\resources
2024-02-08 10:52:00,848 [Worker-24: Building] INFO  o.e.m.c.i.embedder.EclipseLogger - Using 'UTF-8' encoding to copy filtered resources.
2024-02-08 10:52:00,849 [Worker-24: Building] INFO  o.e.m.c.i.embedder.EclipseLogger - skip non existing resourceDirectory C:\Users\jgeorge\Desktop\SeleniumStudy\AutomationPractice\src\test\resources
2024-02-08 10:52:11,931 [Worker-24: Building] INFO  o.e.m.c.i.embedder.EclipseLogger - Using 'UTF-8' encoding to copy filtered resources.
2024-02-08 10:52:11,932 [Worker-24: Building] INFO  o.e.m.c.i.embedder.EclipseLogger - skip non existing resourceDirectory C:\Users\jgeorge\Desktop\SeleniumStudy\AutomationPractice\src\main\resources
2024-02-08 10:52:11,938 [Worker-24: Building] INFO  o.e.m.c.i.embedder.EclipseLogger - Using 'UTF-8' encoding to copy filtered resources.
